
======================================================================
STARTUP  [2026-06-16 11:23:27]
======================================================================
Python 3.11.9 (tags/v3.11.9:de54cf5, Apr  2 2024, 10:12:12) [MSC v.1938 64 bit (AMD64)]
CWD: C:\Users\bruno\multimedia-master\tools\pdf_manager

======================================================================
UNCAUGHT EXCEPTION (main thread)  [2026-06-16 11:23:29]
======================================================================
Traceback (most recent call last):
  File "C:\Users\bruno\multimedia-master\tools\pdf_manager\app.py", line 21, in <module>
    app = PdfWindow()
          ^^^^^^^^^^^
  File "C:\Users\bruno\multimedia-master\tools\pdf_manager\ui\pdf_window.py", line 38, in __init__
    self._build()
  File "C:\Users\bruno\multimedia-master\tools\pdf_manager\ui\pdf_window.py", line 88, in _build
    EditTab(tabs.tab("Modifica")).pack(fill="both", expand=True)
    ^^^^^^^^^^^^^^^^^^^^^^^^^^^^^
  File "C:\Users\bruno\multimedia-master\tools\pdf_manager\ui\edit_tab.py", line 61, in __init__
    self.bind_all("<Control-z>", lambda _: self._undo(), add="+")
  File "C:\Users\bruno\AppData\Local\Programs\Python\Python311\Lib\site-packages\customtkinter\windows\widgets\core_widget_classes\ctk_base_class.py", line 253, in bind_all
    raise AttributeError("'bind_all' is not allowed, could result in undefined behavior")
AttributeError: 'bind_all' is not allowed, could result in undefined behavior


======================================================================
STDERR  [2026-06-16 11:23:29]
======================================================================
Traceback (most recent call last):


======================================================================
STDERR  [2026-06-16 11:23:29]
======================================================================
  File "C:\Users\bruno\multimedia-master\tools\pdf_manager\app.py", line 21, in <module>


======================================================================
STDERR  [2026-06-16 11:23:29]
======================================================================
app = PdfWindow()

======================================================================
STDERR  [2026-06-16 11:23:29]
======================================================================
^

======================================================================
STDERR  [2026-06-16 11:23:29]
======================================================================
^

======================================================================
STDERR  [2026-06-16 11:23:29]
======================================================================
^

======================================================================
STDERR  [2026-06-16 11:23:29]
======================================================================
^

======================================================================
STDERR  [2026-06-16 11:23:29]
======================================================================
^

======================================================================
STDERR  [2026-06-16 11:23:29]
======================================================================
^

======================================================================
STDERR  [2026-06-16 11:23:29]
======================================================================
^

======================================================================
STDERR  [2026-06-16 11:23:29]
======================================================================
^

======================================================================
STDERR  [2026-06-16 11:23:29]
======================================================================
^

======================================================================
STDERR  [2026-06-16 11:23:29]
======================================================================
^

======================================================================
STDERR  [2026-06-16 11:23:29]
======================================================================
^

======================================================================
STDERR  [2026-06-16 11:23:29]
======================================================================
  File "C:\Users\bruno\multimedia-master\tools\pdf_manager\ui\pdf_window.py", line 38, in __init__


======================================================================
STDERR  [2026-06-16 11:23:29]
======================================================================
self._build()

======================================================================
STDERR  [2026-06-16 11:23:29]
======================================================================
  File "C:\Users\bruno\multimedia-master\tools\pdf_manager\ui\pdf_window.py", line 88, in _build


======================================================================
STDERR  [2026-06-16 11:23:29]
======================================================================
EditTab(tabs.tab("Modifica")).pack(fill="both", expand=True)

======================================================================
STDERR  [2026-06-16 11:23:29]
======================================================================
^

======================================================================
STDERR  [2026-06-16 11:23:29]
======================================================================
^

======================================================================
STDERR  [2026-06-16 11:23:29]
======================================================================
^

======================================================================
STDERR  [2026-06-16 11:23:29]
======================================================================
^

======================================================================
STDERR  [2026-06-16 11:23:29]
======================================================================
^

======================================================================
STDERR  [2026-06-16 11:23:29]
======================================================================
^

======================================================================
STDERR  [2026-06-16 11:23:29]
======================================================================
^

======================================================================
STDERR  [2026-06-16 11:23:29]
======================================================================
^

======================================================================
STDERR  [2026-06-16 11:23:29]
======================================================================
^

======================================================================
STDERR  [2026-06-16 11:23:29]
======================================================================
^

======================================================================
STDERR  [2026-06-16 11:23:29]
======================================================================
^

======================================================================
STDERR  [2026-06-16 11:23:29]
======================================================================
^

======================================================================
STDERR  [2026-06-16 11:23:29]
======================================================================
^

======================================================================
STDERR  [2026-06-16 11:23:29]
======================================================================
^

======================================================================
STDERR  [2026-06-16 11:23:29]
======================================================================
^

======================================================================
STDERR  [2026-06-16 11:23:29]
======================================================================
^

======================================================================
STDERR  [2026-06-16 11:23:29]
======================================================================
^

======================================================================
STDERR  [2026-06-16 11:23:29]
======================================================================
^

======================================================================
STDERR  [2026-06-16 11:23:29]
======================================================================
^

======================================================================
STDERR  [2026-06-16 11:23:29]
======================================================================
^

======================================================================
STDERR  [2026-06-16 11:23:29]
======================================================================
^

======================================================================
STDERR  [2026-06-16 11:23:29]
======================================================================
^

======================================================================
STDERR  [2026-06-16 11:23:29]
======================================================================
^

======================================================================
STDERR  [2026-06-16 11:23:29]
======================================================================
^

======================================================================
STDERR  [2026-06-16 11:23:29]
======================================================================
^

======================================================================
STDERR  [2026-06-16 11:23:29]
======================================================================
^

======================================================================
STDERR  [2026-06-16 11:23:29]
======================================================================
^

======================================================================
STDERR  [2026-06-16 11:23:29]
======================================================================
^

======================================================================
STDERR  [2026-06-16 11:23:29]
======================================================================
^

======================================================================
STDERR  [2026-06-16 11:23:29]
======================================================================
  File "C:\Users\bruno\multimedia-master\tools\pdf_manager\ui\edit_tab.py", line 61, in __init__


======================================================================
STDERR  [2026-06-16 11:23:29]
======================================================================
self.bind_all("<Control-z>", lambda _: self._undo(), add="+")

======================================================================
STDERR  [2026-06-16 11:23:29]
======================================================================
  File "C:\Users\bruno\AppData\Local\Programs\Python\Python311\Lib\site-packages\customtkinter\windows\widgets\core_widget_classes\ctk_base_class.py", line 253, in bind_all


======================================================================
STDERR  [2026-06-16 11:23:29]
======================================================================
raise AttributeError("'bind_all' is not allowed, could result in undefined behavior")

======================================================================
STDERR  [2026-06-16 11:23:29]
======================================================================
AttributeError

======================================================================
STDERR  [2026-06-16 11:23:29]
======================================================================
: 

======================================================================
STDERR  [2026-06-16 11:23:29]
======================================================================
'bind_all' is not allowed, could result in undefined behavior

======================================================================
STARTUP  [2026-06-16 17:15:37]
======================================================================
Python 3.11.9 (tags/v3.11.9:de54cf5, Apr  2 2024, 10:12:12) [MSC v.1938 64 bit (AMD64)]
CWD: C:\Users\bruno\multimedia-master\tools\pdf_manager

======================================================================
UNCAUGHT EXCEPTION (main thread)  [2026-06-16 17:15:39]
======================================================================
Traceback (most recent call last):
  File "C:\Users\bruno\multimedia-master\tools\pdf_manager\app.py", line 21, in <module>
    app = PdfWindow()
          ^^^^^^^^^^^
  File "C:\Users\bruno\multimedia-master\tools\pdf_manager\ui\pdf_window.py", line 38, in __init__
    self._build()
  File "C:\Users\bruno\multimedia-master\tools\pdf_manager\ui\pdf_window.py", line 88, in _build
    EditTab(tabs.tab("Modifica")).pack(fill="both", expand=True)
    ^^^^^^^^^^^^^^^^^^^^^^^^^^^^^
  File "C:\Users\bruno\multimedia-master\tools\pdf_manager\ui\edit_tab.py", line 61, in __init__
    self.bind_all("<Control-z>", lambda _: self._undo(), add="+")
  File "C:\Users\bruno\AppData\Local\Programs\Python\Python311\Lib\site-packages\customtkinter\windows\widgets\core_widget_classes\ctk_base_class.py", line 253, in bind_all
    raise AttributeError("'bind_all' is not allowed, could result in undefined behavior")
AttributeError: 'bind_all' is not allowed, could result in undefined behavior


======================================================================
STDERR  [2026-06-16 17:15:39]
======================================================================
Traceback (most recent call last):


======================================================================
STDERR  [2026-06-16 17:15:39]
======================================================================
  File "C:\Users\bruno\multimedia-master\tools\pdf_manager\app.py", line 21, in <module>


======================================================================
STDERR  [2026-06-16 17:15:39]
======================================================================
app = PdfWindow()

======================================================================
STDERR  [2026-06-16 17:15:39]
======================================================================
^

======================================================================
STDERR  [2026-06-16 17:15:39]
======================================================================
^

======================================================================
STDERR  [2026-06-16 17:15:39]
======================================================================
^

======================================================================
STDERR  [2026-06-16 17:15:39]
======================================================================
^

======================================================================
STDERR  [2026-06-16 17:15:39]
======================================================================
^

======================================================================
STDERR  [2026-06-16 17:15:39]
======================================================================
^

======================================================================
STDERR  [2026-06-16 17:15:39]
======================================================================
^

======================================================================
STDERR  [2026-06-16 17:15:39]
======================================================================
^

======================================================================
STDERR  [2026-06-16 17:15:39]
======================================================================
^

======================================================================
STDERR  [2026-06-16 17:15:39]
======================================================================
^

======================================================================
STDERR  [2026-06-16 17:15:39]
======================================================================
^

======================================================================
STDERR  [2026-06-16 17:15:39]
======================================================================
  File "C:\Users\bruno\multimedia-master\tools\pdf_manager\ui\pdf_window.py", line 38, in __init__


======================================================================
STDERR  [2026-06-16 17:15:39]
======================================================================
self._build()

======================================================================
STDERR  [2026-06-16 17:15:39]
======================================================================
  File "C:\Users\bruno\multimedia-master\tools\pdf_manager\ui\pdf_window.py", line 88, in _build


======================================================================
STDERR  [2026-06-16 17:15:39]
======================================================================
EditTab(tabs.tab("Modifica")).pack(fill="both", expand=True)

======================================================================
STDERR  [2026-06-16 17:15:39]
======================================================================
^

======================================================================
STDERR  [2026-06-16 17:15:39]
======================================================================
^

======================================================================
STDERR  [2026-06-16 17:15:39]
======================================================================
^

======================================================================
STDERR  [2026-06-16 17:15:39]
======================================================================
^

======================================================================
STDERR  [2026-06-16 17:15:39]
======================================================================
^

======================================================================
STDERR  [2026-06-16 17:15:39]
======================================================================
^

======================================================================
STDERR  [2026-06-16 17:15:39]
======================================================================
^

======================================================================
STDERR  [2026-06-16 17:15:39]
======================================================================
^

======================================================================
STDERR  [2026-06-16 17:15:39]
======================================================================
^

======================================================================
STDERR  [2026-06-16 17:15:39]
======================================================================
^

======================================================================
STDERR  [2026-06-16 17:15:39]
======================================================================
^

======================================================================
STDERR  [2026-06-16 17:15:39]
======================================================================
^

======================================================================
STDERR  [2026-06-16 17:15:39]
======================================================================
^

======================================================================
STDERR  [2026-06-16 17:15:39]
======================================================================
^

======================================================================
STDERR  [2026-06-16 17:15:39]
======================================================================
^

======================================================================
STDERR  [2026-06-16 17:15:39]
======================================================================
^

======================================================================
STDERR  [2026-06-16 17:15:39]
======================================================================
^

======================================================================
STDERR  [2026-06-16 17:15:39]
======================================================================
^

======================================================================
STDERR  [2026-06-16 17:15:39]
======================================================================
^

======================================================================
STDERR  [2026-06-16 17:15:39]
======================================================================
^

======================================================================
STDERR  [2026-06-16 17:15:39]
======================================================================
^

======================================================================
STDERR  [2026-06-16 17:15:39]
======================================================================
^

======================================================================
STDERR  [2026-06-16 17:15:39]
======================================================================
^

======================================================================
STDERR  [2026-06-16 17:15:39]
======================================================================
^

======================================================================
STDERR  [2026-06-16 17:15:39]
======================================================================
^

======================================================================
STDERR  [2026-06-16 17:15:39]
======================================================================
^

======================================================================
STDERR  [2026-06-16 17:15:39]
======================================================================
^

======================================================================
STDERR  [2026-06-16 17:15:39]
======================================================================
^

======================================================================
STDERR  [2026-06-16 17:15:39]
======================================================================
^

======================================================================
STDERR  [2026-06-16 17:15:39]
======================================================================
  File "C:\Users\bruno\multimedia-master\tools\pdf_manager\ui\edit_tab.py", line 61, in __init__


======================================================================
STDERR  [2026-06-16 17:15:39]
======================================================================
self.bind_all("<Control-z>", lambda _: self._undo(), add="+")

======================================================================
STDERR  [2026-06-16 17:15:39]
======================================================================
  File "C:\Users\bruno\AppData\Local\Programs\Python\Python311\Lib\site-packages\customtkinter\windows\widgets\core_widget_classes\ctk_base_class.py", line 253, in bind_all


======================================================================
STDERR  [2026-06-16 17:15:39]
======================================================================
raise AttributeError("'bind_all' is not allowed, could result in undefined behavior")

======================================================================
STDERR  [2026-06-16 17:15:39]
======================================================================
AttributeError

======================================================================
STDERR  [2026-06-16 17:15:39]
======================================================================
: 

======================================================================
STDERR  [2026-06-16 17:15:39]
======================================================================
'bind_all' is not allowed, could result in undefined behavior

======================================================================
STARTUP  [2026-06-16 17:24:23]
======================================================================
Python 3.11.9 (tags/v3.11.9:de54cf5, Apr  2 2024, 10:12:12) [MSC v.1938 64 bit (AMD64)]
CWD: C:\Users\bruno\multimedia-master\tools\pdf_manager
