
======================================================================
STARTUP  [2026-04-18 18:11:31]
======================================================================
Python 3.11.9 (tags/v3.11.9:de54cf5, Apr  2 2024, 10:12:12) [MSC v.1938 64 bit (AMD64)]
CWD: C:\Users\bruno\multimedia-master\tools\audio_manager

======================================================================
STDERR  [2026-04-18 18:11:32]
======================================================================
C:\Users\bruno\AppData\Local\Programs\Python\Python311\Lib\site-packages\pydub\utils.py:170: RuntimeWarning: Couldn't find ffmpeg or avconv - defaulting to ffmpeg, but may not work
  warn("Couldn't find ffmpeg or avconv - defaulting to ffmpeg, but may not work", RuntimeWarning)


======================================================================
STARTUP  [2026-04-18 18:15:16]
======================================================================
Python 3.11.9 (tags/v3.11.9:de54cf5, Apr  2 2024, 10:12:12) [MSC v.1938 64 bit (AMD64)]
CWD: C:\Users\bruno\multimedia-master\tools\audio_manager

======================================================================
STDERR  [2026-04-18 18:15:17]
======================================================================
C:\Users\bruno\AppData\Local\Programs\Python\Python311\Lib\site-packages\pydub\utils.py:170: RuntimeWarning: Couldn't find ffmpeg or avconv - defaulting to ffmpeg, but may not work
  warn("Couldn't find ffmpeg or avconv - defaulting to ffmpeg, but may not work", RuntimeWarning)


======================================================================
STARTUP  [2026-04-18 18:15:20]
======================================================================
Python 3.11.9 (tags/v3.11.9:de54cf5, Apr  2 2024, 10:12:12) [MSC v.1938 64 bit (AMD64)]
CWD: C:\Users\bruno\multimedia-master\tools\audio_manager

======================================================================
STARTUP  [2026-04-18 18:15:20]
======================================================================
Python 3.11.9 (tags/v3.11.9:de54cf5, Apr  2 2024, 10:12:12) [MSC v.1938 64 bit (AMD64)]
CWD: C:\Users\bruno\multimedia-master\tools\audio_manager

======================================================================
STDERR  [2026-04-18 18:15:21]
======================================================================
C:\Users\bruno\AppData\Local\Programs\Python\Python311\Lib\site-packages\pydub\utils.py:170: RuntimeWarning: Couldn't find ffmpeg or avconv - defaulting to ffmpeg, but may not work
  warn("Couldn't find ffmpeg or avconv - defaulting to ffmpeg, but may not work", RuntimeWarning)


======================================================================
STDERR  [2026-04-18 18:15:21]
======================================================================
C:\Users\bruno\AppData\Local\Programs\Python\Python311\Lib\site-packages\pydub\utils.py:170: RuntimeWarning: Couldn't find ffmpeg or avconv - defaulting to ffmpeg, but may not work
  warn("Couldn't find ffmpeg or avconv - defaulting to ffmpeg, but may not work", RuntimeWarning)


======================================================================
STARTUP  [2026-04-19 14:31:33]
======================================================================
Python 3.11.9 (tags/v3.11.9:de54cf5, Apr  2 2024, 10:12:12) [MSC v.1938 64 bit (AMD64)]
CWD: C:\Users\bruno\multimedia-master\tools\audio_manager

======================================================================
STDERR  [2026-04-19 14:31:34]
======================================================================
C:\Users\bruno\AppData\Local\Programs\Python\Python311\Lib\site-packages\pydub\utils.py:170: RuntimeWarning: Couldn't find ffmpeg or avconv - defaulting to ffmpeg, but may not work
  warn("Couldn't find ffmpeg or avconv - defaulting to ffmpeg, but may not work", RuntimeWarning)


============================================================
PLAY_WORKER start  [14:31:59.488]
C:\Users\bruno\OneDrive\Desktop\iris voices\iris-home.wav

============================================================
PLAY_WORKER ffmpeg done  [14:31:59.693]
rc=0

============================================================
PLAY_WORKER sd.play  [14:31:59.693]
1ch 44100Hz 343892 frames

============================================================
PLAY_WORKER sd.wait done  [14:32:07.521]

============================================================
PLAY_WORKER start  [14:32:08.147]
C:\Users\bruno\OneDrive\Desktop\iris voices\iris-home.wav

============================================================
PLAY_WORKER ffmpeg done  [14:32:08.242]
rc=0

============================================================
PLAY_WORKER sd.play  [14:32:08.242]
1ch 44100Hz 343892 frames

============================================================
PLAY_WORKER sd.wait done  [14:32:10.351]

============================================================
PREVIEW ffmpeg start  [14:32:15.768]
filters=[] cur=2.0s

============================================================
PREVIEW ffmpeg done  [14:32:15.863]
rc=0

============================================================
PREVIEW sd.play  [14:32:15.863]
1ch 44100Hz 256177 frames

============================================================
PREVIEW sd.wait done  [14:32:21.888]

============================================================
PREVIEW ffmpeg start  [14:32:24.099]
filters=[] cur=7.8s

============================================================
PREVIEW ffmpeg done  [14:32:24.178]
rc=0

============================================================
PREVIEW sd.play  [14:32:24.194]
1ch 44100Hz 0 frames

============================================================
PREVIEW sd.wait done  [14:32:24.326]

============================================================
PLAY_WORKER start  [14:32:29.138]
C:\Users\bruno\OneDrive\Desktop\iris voices\iris-home.wav

============================================================
PLAY_WORKER ffmpeg done  [14:32:29.233]
rc=0

============================================================
PLAY_WORKER sd.play  [14:32:29.233]
1ch 44100Hz 343892 frames

============================================================
PLAY_WORKER sd.wait done  [14:32:37.145]

============================================================
PREVIEW ffmpeg start  [14:32:38.368]
filters=[] cur=7.8s

============================================================
PREVIEW ffmpeg done  [14:32:38.447]
rc=0

============================================================
PREVIEW sd.play  [14:32:38.447]
1ch 44100Hz 0 frames

============================================================
PREVIEW sd.wait done  [14:32:38.597]

============================================================
PLAY_WORKER start  [14:32:38.779]
C:\Users\bruno\OneDrive\Desktop\iris voices\iris-home.wav

============================================================
PLAY_WORKER ffmpeg done  [14:32:38.859]
rc=0

============================================================
PLAY_WORKER sd.play  [14:32:38.875]
1ch 44100Hz 343892 frames

============================================================
PLAY_WORKER sd.wait done  [14:32:46.809]

============================================================
PREVIEW ffmpeg start  [14:32:47.567]
filters=['atempo=1.800'] cur=7.8s

============================================================
PREVIEW ffmpeg done  [14:32:47.645]
rc=0

============================================================
PREVIEW sd.play  [14:32:47.645]
1ch 44100Hz 0 frames

============================================================
PREVIEW sd.wait done  [14:32:47.800]

============================================================
PLAY_WORKER start  [14:32:49.304]
C:\Users\bruno\OneDrive\Desktop\iris voices\iris-home.wav

============================================================
PLAY_WORKER ffmpeg done  [14:32:49.400]
rc=0

============================================================
PLAY_WORKER sd.play  [14:32:49.406]
1ch 44100Hz 343892 frames

============================================================
PLAY_WORKER sd.wait done  [14:32:57.339]

======================================================================
STARTUP  [2026-04-19 15:46:04]
======================================================================
Python 3.11.9 (tags/v3.11.9:de54cf5, Apr  2 2024, 10:12:12) [MSC v.1938 64 bit (AMD64)]
CWD: C:\Users\bruno\multimedia-master\tools\audio_manager

======================================================================
STDERR  [2026-04-19 15:46:06]
======================================================================
C:\Users\bruno\AppData\Local\Programs\Python\Python311\Lib\site-packages\pydub\utils.py:170: RuntimeWarning: Couldn't find ffmpeg or avconv - defaulting to ffmpeg, but may not work
  warn("Couldn't find ffmpeg or avconv - defaulting to ffmpeg, but may not work", RuntimeWarning)


============================================================
PLAY_WORKER start  [15:46:25.228]
C:\Users\bruno\OneDrive\Desktop\iris voices\iris-home.wav

============================================================
PLAY_WORKER ffmpeg done  [15:46:25.386]
rc=0

============================================================
PLAY_WORKER sd.play  [15:46:25.398]
1ch 44100Hz 343892 frames

============================================================
PLAY_WORKER sd.wait done  [15:46:33.222]

============================================================
PREVIEW ffmpeg start  [15:46:45.754]
filters=['atempo=1.500'] cur=7.8s

============================================================
PREVIEW ffmpeg done  [15:46:45.833]
rc=0

============================================================
PREVIEW sd.play  [15:46:45.833]
1ch 44100Hz 0 frames

============================================================
PREVIEW sd.wait done  [15:46:46.544]

============================================================
PREVIEW ffmpeg start  [15:47:04.779]
filters=['atempo=1.500'] cur=7.8s

============================================================
PREVIEW ffmpeg done  [15:47:04.874]
rc=0

============================================================
PREVIEW sd.play  [15:47:04.874]
1ch 44100Hz 0 frames

============================================================
PREVIEW sd.wait done  [15:47:05.575]

============================================================
PREVIEW ffmpeg start  [15:47:07.024]
filters=['atempo=1.500'] cur=7.8s

============================================================
PREVIEW ffmpeg done  [15:47:07.103]
rc=0

============================================================
PREVIEW sd.play  [15:47:07.103]
1ch 44100Hz 0 frames

============================================================
PREVIEW sd.wait done  [15:47:07.254]

============================================================
PREVIEW ffmpeg start  [15:47:07.713]
filters=['atempo=1.500'] cur=7.8s

============================================================
PREVIEW ffmpeg done  [15:47:07.793]
rc=0

============================================================
PREVIEW sd.play  [15:47:07.793]
1ch 44100Hz 0 frames

============================================================
PREVIEW sd.wait done  [15:47:07.939]

============================================================
PREVIEW ffmpeg start  [15:47:08.128]
filters=['atempo=1.500'] cur=7.8s

============================================================
PREVIEW ffmpeg done  [15:47:08.223]
rc=0

============================================================
PREVIEW sd.play  [15:47:08.223]
1ch 44100Hz 0 frames

============================================================
PREVIEW sd.wait done  [15:47:08.365]

============================================================
PREVIEW ffmpeg start  [15:47:08.544]
filters=['atempo=1.500'] cur=7.8s

============================================================
PREVIEW ffmpeg done  [15:47:08.624]
rc=0

============================================================
PREVIEW sd.play  [15:47:08.639]
1ch 44100Hz 0 frames

============================================================
PREVIEW sd.wait done  [15:47:08.782]

============================================================
PREVIEW ffmpeg start  [15:47:09.226]
filters=['atempo=1.500'] cur=7.8s

============================================================
PREVIEW ffmpeg done  [15:47:09.310]
rc=0

============================================================
PREVIEW sd.play  [15:47:09.310]
1ch 44100Hz 0 frames

============================================================
PREVIEW sd.wait done  [15:47:09.443]

============================================================
PLAY_WORKER start  [15:47:11.155]
C:\Users\bruno\OneDrive\Desktop\iris voices\iris-home.wav

============================================================
PLAY_WORKER ffmpeg done  [15:47:11.230]
rc=0

============================================================
PLAY_WORKER sd.play  [15:47:11.246]
1ch 44100Hz 343892 frames

============================================================
PLAY_WORKER sd.wait done  [15:47:16.618]

============================================================
PREVIEW ffmpeg start  [15:47:16.628]
filters=['atempo=1.500'] cur=5.2s

============================================================
PREVIEW ffmpeg done  [15:47:16.713]
rc=0

============================================================
PREVIEW sd.play  [15:47:16.713]
1ch 44100Hz 74529 frames

============================================================
PREVIEW sd.wait done  [15:47:18.566]

============================================================
PREVIEW ffmpeg start  [15:47:18.986]
filters=['atempo=1.500'] cur=5.2s

============================================================
PREVIEW ffmpeg done  [15:47:19.065]
rc=0

============================================================
PREVIEW sd.play  [15:47:19.081]
1ch 44100Hz 74529 frames

============================================================
PREVIEW sd.wait done  [15:47:20.923]

============================================================
PLAY_WORKER start  [15:47:24.932]
C:\Users\bruno\OneDrive\Desktop\iris voices\iris-home.wav

============================================================
PLAY_WORKER ffmpeg done  [15:47:25.024]
rc=0

============================================================
PLAY_WORKER sd.play  [15:47:25.024]
1ch 44100Hz 112279 frames

============================================================
PLAY_WORKER sd.wait done  [15:47:27.677]

============================================================
PREVIEW ffmpeg start  [15:47:29.324]
filters=['atempo=1.500'] cur=7.8s

============================================================
PREVIEW ffmpeg done  [15:47:29.397]
rc=0

============================================================
PREVIEW sd.play  [15:47:29.414]
1ch 44100Hz 0 frames

============================================================
PREVIEW sd.wait done  [15:47:29.553]

============================================================
PREVIEW ffmpeg start  [15:47:35.348]
filters=['atempo=1.500'] cur=7.8s

============================================================
PREVIEW ffmpeg done  [15:47:35.427]
rc=0

============================================================
PREVIEW sd.play  [15:47:35.427]
1ch 44100Hz 0 frames

============================================================
PREVIEW sd.wait done  [15:47:35.745]

============================================================
PLAY_WORKER start  [15:47:37.534]
C:\Users\bruno\OneDrive\Desktop\iris voices\iris-home.wav

============================================================
PLAY_WORKER ffmpeg done  [15:47:37.613]
rc=0

============================================================
PLAY_WORKER sd.play  [15:47:37.629]
1ch 44100Hz 343892 frames

============================================================
PLAY_WORKER sd.wait done  [15:47:39.171]

============================================================
PREVIEW ffmpeg start  [15:47:39.181]
filters=['atempo=1.500'] cur=1.4s

============================================================
PREVIEW ffmpeg done  [15:47:39.262]
rc=0

============================================================
PREVIEW sd.play  [15:47:39.278]
1ch 44100Hz 176165 frames

============================================================
PREVIEW sd.wait done  [15:47:43.429]

============================================================
PREVIEW ffmpeg start  [15:47:46.783]
filters=['atempo=1.500'] cur=1.4s

============================================================
PREVIEW ffmpeg done  [15:47:46.877]
rc=0

============================================================
PREVIEW sd.play  [15:47:46.893]
1ch 44100Hz 176165 frames

============================================================
PREVIEW sd.wait done  [15:47:51.062]

============================================================
PREVIEW ffmpeg start  [15:47:51.691]
filters=['atempo=1.500'] cur=1.4s

============================================================
PREVIEW ffmpeg done  [15:47:51.786]
rc=0

============================================================
PREVIEW sd.play  [15:47:51.786]
1ch 44100Hz 176165 frames

============================================================
PREVIEW sd.wait done  [15:47:55.961]

============================================================
PREVIEW ffmpeg start  [15:47:56.626]
filters=['atempo=1.300'] cur=1.4s

============================================================
PREVIEW ffmpeg done  [15:47:56.726]
rc=0

============================================================
PREVIEW sd.play  [15:47:56.732]
1ch 44100Hz 202978 frames

============================================================
PREVIEW sd.wait done  [15:48:01.482]

============================================================
PREVIEW ffmpeg start  [15:48:02.875]
filters=['atempo=1.300'] cur=1.4s

============================================================
PREVIEW ffmpeg done  [15:48:02.970]
rc=0

============================================================
PREVIEW sd.play  [15:48:02.970]
1ch 44100Hz 202978 frames

============================================================
PREVIEW sd.wait done  [15:48:07.743]

============================================================
PREVIEW ffmpeg start  [15:48:09.864]
filters=['atempo=1.200'] cur=1.4s

============================================================
PREVIEW ffmpeg done  [15:48:09.965]
rc=0

============================================================
PREVIEW sd.play  [15:48:09.968]
1ch 44100Hz 219819 frames

============================================================
PREVIEW sd.wait done  [15:48:15.108]

============================================================
PLAY_WORKER start  [15:48:38.506]
C:\Users\bruno\OneDrive\Desktop\iris voices\iris-home.wav

============================================================
PLAY_WORKER ffmpeg done  [15:48:38.600]
rc=0

============================================================
PLAY_WORKER sd.play  [15:48:38.608]
1ch 44100Hz 343892 frames

============================================================
PLAY_WORKER sd.wait done  [15:48:41.234]

============================================================
PREVIEW ffmpeg start  [15:48:42.226]
filters=['atempo=1.200'] cur=2.5s

============================================================
PREVIEW ffmpeg done  [15:48:42.320]
rc=0

============================================================
PREVIEW sd.play  [15:48:42.320]
1ch 44100Hz 192982 frames

============================================================
PREVIEW sd.wait done  [15:48:46.850]

======================================================================
STARTUP  [2026-04-19 16:27:18]
======================================================================
Python 3.11.9 (tags/v3.11.9:de54cf5, Apr  2 2024, 10:12:12) [MSC v.1938 64 bit (AMD64)]
CWD: C:\Users\bruno\multimedia-master\tools\audio_manager

======================================================================
STDERR  [2026-04-19 16:27:19]
======================================================================
C:\Users\bruno\AppData\Local\Programs\Python\Python311\Lib\site-packages\pydub\utils.py:170: RuntimeWarning: Couldn't find ffmpeg or avconv - defaulting to ffmpeg, but may not work
  warn("Couldn't find ffmpeg or avconv - defaulting to ffmpeg, but may not work", RuntimeWarning)


============================================================
PLAY_WORKER start  [16:27:42.949]
C:\Users\bruno\OneDrive\Desktop\iris voices\iris-home.wav

============================================================
PLAY_WORKER ffmpeg done  [16:27:43.037]
rc=0

============================================================
PLAY_WORKER sd.play  [16:27:43.037]
1ch 44100Hz 343892 frames

============================================================
PLAY_WORKER sd.wait done  [16:27:50.952]

============================================================
PLAY_WORKER start  [16:28:07.235]
C:\Users\bruno\OneDrive\Desktop\iris voices\iris-home.wav

============================================================
PLAY_WORKER ffmpeg done  [16:28:07.331]
rc=0

============================================================
PLAY_WORKER sd.play  [16:28:07.331]
1ch 44100Hz 343892 frames

============================================================
PLAY_WORKER sd.wait done  [16:28:15.244]

============================================================
PREVIEW ffmpeg start  [16:28:18.323]
filters=[] cur=7.8s

============================================================
PREVIEW ffmpeg done  [16:28:18.403]
rc=0

============================================================
PREVIEW sd.play  [16:28:18.418]
1ch 44100Hz 0 frames

============================================================
PREVIEW sd.wait done  [16:28:18.559]

============================================================
PREVIEW ffmpeg start  [16:28:21.282]
filters=[] cur=7.8s

============================================================
PREVIEW ffmpeg done  [16:28:21.367]
rc=0

============================================================
PREVIEW sd.play  [16:28:21.372]
1ch 44100Hz 0 frames

============================================================
PREVIEW sd.wait done  [16:28:21.512]

============================================================
PREVIEW ffmpeg start  [16:28:22.290]
filters=[] cur=7.8s

============================================================
PREVIEW ffmpeg done  [16:28:22.370]
rc=0

============================================================
PREVIEW sd.play  [16:28:22.370]
1ch 44100Hz 0 frames

============================================================
PREVIEW sd.wait done  [16:28:22.504]

============================================================
PREVIEW ffmpeg start  [16:28:22.835]
filters=[] cur=7.8s

============================================================
PREVIEW ffmpeg done  [16:28:22.914]
rc=0

============================================================
PREVIEW sd.play  [16:28:22.930]
1ch 44100Hz 0 frames

============================================================
PREVIEW sd.wait done  [16:28:23.067]

============================================================
PREVIEW ffmpeg start  [16:28:26.743]
filters=[] cur=0.0s

============================================================
PREVIEW ffmpeg done  [16:28:26.822]
rc=0

============================================================
PREVIEW sd.play  [16:28:26.822]
1ch 44100Hz 264600 frames

============================================================
PREVIEW sd.wait done  [16:28:32.976]

============================================================
PREVIEW ffmpeg start  [16:28:37.904]
filters=[] cur=0.0s

============================================================
PREVIEW ffmpeg done  [16:28:37.984]
rc=0

============================================================
PREVIEW sd.play  [16:28:38.000]
1ch 44100Hz 264600 frames

============================================================
PREVIEW sd.wait done  [16:28:44.139]

============================================================
PREVIEW ffmpeg start  [16:28:46.880]
filters=['atempo=1.250'] cur=0.0s

============================================================
PREVIEW ffmpeg done  [16:28:46.968]
rc=0

============================================================
PREVIEW sd.play  [16:28:46.984]
1ch 44100Hz 211765 frames

============================================================
PREVIEW sd.wait done  [16:28:51.942]

============================================================
PREVIEW ffmpeg start  [16:28:55.890]
filters=['atempo=1.250'] cur=0.0s

============================================================
PREVIEW ffmpeg done  [16:28:55.969]
rc=0

============================================================
PREVIEW sd.play  [16:28:55.985]
1ch 44100Hz 211765 frames

============================================================
PREVIEW sd.wait done  [16:29:00.952]

============================================================
PLAY_WORKER start  [16:29:10.761]
C:\Users\bruno\OneDrive\Desktop\iris voices\iris-home.wav

============================================================
PLAY_WORKER ffmpeg done  [16:29:10.856]
rc=0

============================================================
PLAY_WORKER sd.play  [16:29:10.856]
1ch 44100Hz 47981 frames

============================================================
PLAY_WORKER sd.wait done  [16:29:12.080]

============================================================
PREVIEW ffmpeg start  [16:29:15.723]
filters=['atempo=1.250'] cur=0.0s

============================================================
PREVIEW ffmpeg done  [16:29:15.818]
rc=0

============================================================
PREVIEW sd.play  [16:29:15.818]
1ch 44100Hz 211765 frames

============================================================
PREVIEW sd.wait done  [16:29:20.789]

============================================================
PREVIEW ffmpeg start  [16:30:33.050]
filters=['atempo=1.250'] cur=0.0s

============================================================
PREVIEW ffmpeg done  [16:30:33.136]
rc=0

============================================================
PREVIEW sd.play  [16:30:33.152]
1ch 44100Hz 211765 frames

============================================================
PREVIEW sd.wait done  [16:30:38.125]

======================================================================
STARTUP  [2026-04-19 17:20:02]
======================================================================
Python 3.11.9 (tags/v3.11.9:de54cf5, Apr  2 2024, 10:12:12) [MSC v.1938 64 bit (AMD64)]
CWD: C:\Users\bruno\multimedia-master\tools\audio_manager

======================================================================
STDERR  [2026-04-19 17:20:02]
======================================================================
C:\Users\bruno\AppData\Local\Programs\Python\Python311\Lib\site-packages\pydub\utils.py:170: RuntimeWarning: Couldn't find ffmpeg or avconv - defaulting to ffmpeg, but may not work
  warn("Couldn't find ffmpeg or avconv - defaulting to ffmpeg, but may not work", RuntimeWarning)


======================================================================
STARTUP  [2026-04-19 17:20:05]
======================================================================
Python 3.11.9 (tags/v3.11.9:de54cf5, Apr  2 2024, 10:12:12) [MSC v.1938 64 bit (AMD64)]
CWD: C:\Users\bruno\multimedia-master\tools\audio_manager

======================================================================
STARTUP  [2026-04-19 17:20:05]
======================================================================
Python 3.11.9 (tags/v3.11.9:de54cf5, Apr  2 2024, 10:12:12) [MSC v.1938 64 bit (AMD64)]
CWD: C:\Users\bruno\multimedia-master\tools\audio_manager

======================================================================
STDERR  [2026-04-19 17:20:05]
======================================================================
C:\Users\bruno\AppData\Local\Programs\Python\Python311\Lib\site-packages\pydub\utils.py:170: RuntimeWarning: Couldn't find ffmpeg or avconv - defaulting to ffmpeg, but may not work
  warn("Couldn't find ffmpeg or avconv - defaulting to ffmpeg, but may not work", RuntimeWarning)


======================================================================
STDERR  [2026-04-19 17:20:06]
======================================================================
C:\Users\bruno\AppData\Local\Programs\Python\Python311\Lib\site-packages\pydub\utils.py:170: RuntimeWarning: Couldn't find ffmpeg or avconv - defaulting to ffmpeg, but may not work
  warn("Couldn't find ffmpeg or avconv - defaulting to ffmpeg, but may not work", RuntimeWarning)


============================================================
PREVIEW ffmpeg start  [17:20:40.325]
filters=['atempo=1.300'] cur=0.0s

============================================================
PREVIEW ffmpeg done  [17:20:40.417]
rc=0

============================================================
PREVIEW sd.play  [17:20:40.425]
1ch 44100Hz 203645 frames

============================================================
PREVIEW sd.wait done  [17:20:45.833]

============================================================
PREVIEW ffmpeg start  [17:20:51.557]
filters=['atempo=1.250'] cur=0.0s

============================================================
PREVIEW ffmpeg done  [17:20:51.654]
rc=0

============================================================
PREVIEW sd.play  [17:20:51.658]
1ch 44100Hz 211765 frames

============================================================
PREVIEW sd.wait done  [17:20:56.622]

============================================================
PLAY_WORKER start  [17:22:36.703]
C:\Users\bruno\OneDrive\Desktop\iris voices\iris-home.wav

============================================================
PLAY_WORKER ffmpeg done  [17:22:36.803]
rc=0

============================================================
PLAY_WORKER sd.play  [17:22:36.807]
1ch 44100Hz 343892 frames

============================================================
PLAY_WORKER sd.wait done  [17:22:44.720]

======================================================================
STARTUP  [2026-04-19 18:02:04]
======================================================================
Python 3.11.9 (tags/v3.11.9:de54cf5, Apr  2 2024, 10:12:12) [MSC v.1938 64 bit (AMD64)]
CWD: C:\Users\bruno\multimedia-master\tools\audio_manager

======================================================================
STDERR  [2026-04-19 18:02:05]
======================================================================
C:\Users\bruno\AppData\Local\Programs\Python\Python311\Lib\site-packages\pydub\utils.py:170: RuntimeWarning: Couldn't find ffmpeg or avconv - defaulting to ffmpeg, but may not work
  warn("Couldn't find ffmpeg or avconv - defaulting to ffmpeg, but may not work", RuntimeWarning)


============================================================
PREVIEW ffmpeg start  [18:02:30.769]
filters=[] cur=0.0s

============================================================
PREVIEW ffmpeg done  [18:02:30.847]
rc=0

============================================================
PREVIEW sd.play  [18:02:30.863]
1ch 44100Hz 264600 frames

============================================================
PREVIEW sd.wait done  [18:02:37.091]

============================================================
PLAY_WORKER start  [18:02:39.886]
C:\Users\bruno\OneDrive\Desktop\iris voices\voci convertite mp3\voci velocizzate\iris-home.mp3

============================================================
PLAY_WORKER ffmpeg done  [18:02:39.965]
rc=0

============================================================
PLAY_WORKER sd.play  [18:02:39.981]
1ch 44100Hz 274508 frames

============================================================
PLAY_WORKER sd.wait done  [18:02:46.091]

============================================================
PREVIEW ffmpeg start  [18:02:46.096]
filters=[] cur=6.0s

============================================================
PREVIEW ffmpeg done  [18:02:46.155]
rc=0

============================================================
PREVIEW sd.play  [18:02:46.171]
1ch 44100Hz 10129 frames

============================================================
PREVIEW sd.wait done  [18:02:46.548]

============================================================
PREVIEW ffmpeg start  [18:02:53.294]
filters=[] cur=0.0s

============================================================
PREVIEW ffmpeg done  [18:02:53.373]
rc=0

============================================================
PREVIEW sd.play  [18:02:53.373]
1ch 44100Hz 264600 frames

============================================================
PREVIEW sd.wait done  [18:02:59.742]

============================================================
PREVIEW ffmpeg start  [18:03:00.063]
filters=[] cur=0.0s

============================================================
PREVIEW ffmpeg done  [18:03:00.142]
rc=0

============================================================
PREVIEW sd.play  [18:03:00.142]
1ch 44100Hz 264600 frames

============================================================
PREVIEW sd.wait done  [18:03:06.286]

============================================================
PREVIEW ffmpeg start  [18:03:12.169]
filters=[] cur=0.0s

============================================================
PREVIEW ffmpeg done  [18:03:12.248]
rc=0

============================================================
PREVIEW sd.play  [18:03:12.248]
1ch 44100Hz 264600 frames

============================================================
PREVIEW sd.wait done  [18:03:18.398]

============================================================
PREVIEW ffmpeg start  [18:06:27.221]
filters=[] cur=0.0s

============================================================
PREVIEW ffmpeg done  [18:06:27.300]
rc=0

============================================================
PREVIEW sd.play  [18:06:27.308]
1ch 44100Hz 264600 frames

============================================================
PREVIEW sd.wait done  [18:06:33.958]

============================================================
PREVIEW ffmpeg start  [18:06:35.657]
filters=['atempo=1.250'] cur=0.0s

============================================================
PREVIEW ffmpeg done  [18:06:35.752]
rc=0

============================================================
PREVIEW sd.play  [18:06:35.752]
1ch 44100Hz 211989 frames

============================================================
PREVIEW sd.wait done  [18:06:40.665]

============================================================
PREVIEW ffmpeg start  [18:06:43.662]
filters=['atempo=1.900'] cur=0.0s

============================================================
PREVIEW ffmpeg done  [18:06:43.751]
rc=0

============================================================
PREVIEW sd.play  [18:06:43.751]
1ch 44100Hz 139715 frames

============================================================
PREVIEW sd.wait done  [18:06:47.011]

============================================================
PREVIEW ffmpeg start  [18:06:48.047]
filters=['atempo=1.550'] cur=0.0s

============================================================
PREVIEW ffmpeg done  [18:06:48.137]
rc=0

============================================================
PREVIEW sd.play  [18:06:48.144]
1ch 44100Hz 171038 frames

============================================================
PREVIEW sd.wait done  [18:06:52.117]

============================================================
PREVIEW ffmpeg start  [18:06:54.021]
filters=['atempo=1.350'] cur=0.0s

============================================================
PREVIEW ffmpeg done  [18:06:54.109]
rc=0

============================================================
PREVIEW sd.play  [18:06:54.117]
1ch 44100Hz 196385 frames

============================================================
PREVIEW sd.wait done  [18:06:58.672]

============================================================
PREVIEW ffmpeg start  [18:07:04.430]
filters=['atempo=1.300'] cur=0.0s

============================================================
PREVIEW ffmpeg done  [18:07:04.509]
rc=0

============================================================
PREVIEW sd.play  [18:07:04.525]
1ch 44100Hz 203354 frames

============================================================
PREVIEW sd.wait done  [18:07:09.252]

============================================================
PREVIEW ffmpeg start  [18:08:00.703]
filters=['atempo=1.300'] cur=0.0s

============================================================
PREVIEW ffmpeg done  [18:08:00.798]
rc=0

============================================================
PREVIEW sd.play  [18:08:00.814]
1ch 44100Hz 203945 frames

============================================================
PREVIEW sd.wait done  [18:08:06.102]

============================================================
PREVIEW ffmpeg start  [18:08:06.801]
filters=['atempo=1.900'] cur=0.0s

============================================================
PREVIEW ffmpeg done  [18:08:06.896]
rc=0

============================================================
PREVIEW sd.play  [18:08:06.896]
1ch 44100Hz 139458 frames

============================================================
PREVIEW sd.wait done  [18:08:10.160]

============================================================
PREVIEW ffmpeg start  [18:08:10.976]
filters=['atempo=1.250'] cur=0.0s

============================================================
PREVIEW ffmpeg done  [18:08:11.085]
rc=0

============================================================
PREVIEW sd.play  [18:08:11.101]
1ch 44100Hz 211842 frames

============================================================
PREVIEW sd.wait done  [18:08:15.997]

============================================================
PREVIEW ffmpeg start  [18:08:16.768]
filters=['atempo=1.300'] cur=0.0s

============================================================
PREVIEW ffmpeg done  [18:08:16.872]
rc=0

============================================================
PREVIEW sd.play  [18:08:16.879]
1ch 44100Hz 203945 frames

============================================================
PREVIEW sd.wait done  [18:08:21.609]

============================================================
PREVIEW ffmpeg start  [18:09:09.603]
filters=['atempo=1.300'] cur=0.0s

============================================================
PREVIEW ffmpeg done  [18:09:09.697]
rc=0

============================================================
PREVIEW sd.play  [18:09:09.697]
1ch 44100Hz 203783 frames

============================================================
PREVIEW sd.wait done  [18:09:14.994]

============================================================
PREVIEW ffmpeg start  [18:09:16.503]
filters=['atempo=1.300'] cur=0.0s

============================================================
PREVIEW ffmpeg done  [18:09:16.601]
rc=0

============================================================
PREVIEW sd.play  [18:09:16.601]
1ch 44100Hz 203783 frames

============================================================
PREVIEW sd.wait done  [18:09:21.328]

============================================================
PREVIEW ffmpeg start  [18:09:33.792]
filters=['atempo=1.300'] cur=0.0s

============================================================
PREVIEW ffmpeg done  [18:09:33.887]
rc=0

============================================================
PREVIEW sd.play  [18:09:33.887]
1ch 44100Hz 178782 frames

============================================================
PREVIEW sd.wait done  [18:09:38.419]

============================================================
PLAY_WORKER start  [18:09:38.429]
C:\Users\bruno\OneDrive\Desktop\iris voices\iris-contatti.wav

============================================================
PLAY_WORKER ffmpeg done  [18:09:38.516]
rc=0

============================================================
PLAY_WORKER sd.play  [18:09:38.519]
1ch 44100Hz 233348 frames

============================================================
PLAY_WORKER sd.wait done  [18:09:43.954]

============================================================
PLAY_WORKER start  [18:09:51.747]
C:\Users\bruno\OneDrive\Desktop\iris voices\iris-cookie.wav

============================================================
PLAY_WORKER ffmpeg done  [18:09:51.826]
rc=0

============================================================
PLAY_WORKER sd.play  [18:09:51.842]
1ch 44100Hz 224881 frames

============================================================
PLAY_WORKER sd.wait done  [18:09:56.909]

============================================================
PREVIEW ffmpeg start  [18:09:56.918]
filters=['atempo=1.300'] cur=4.9s

============================================================
PREVIEW ffmpeg done  [18:09:56.998]
rc=0

============================================================
PREVIEW sd.play  [18:09:57.008]
1ch 44100Hz 4719 frames

============================================================
PREVIEW sd.wait done  [18:09:57.233]

============================================================
PREVIEW ffmpeg start  [18:10:00.877]
filters=['atempo=1.150'] cur=4.9s

============================================================
PREVIEW ffmpeg done  [18:10:00.963]
rc=0

============================================================
PREVIEW sd.play  [18:10:00.966]
1ch 44100Hz 5425 frames

============================================================
PREVIEW sd.wait done  [18:10:01.188]

============================================================
PREVIEW ffmpeg start  [18:10:07.422]
filters=['atempo=1.150'] cur=4.9s

============================================================
PREVIEW ffmpeg done  [18:10:07.502]
rc=0

============================================================
PREVIEW sd.play  [18:10:07.502]
1ch 44100Hz 5425 frames

============================================================
PREVIEW sd.wait done  [18:10:07.822]

============================================================
PREVIEW ffmpeg start  [18:10:11.801]
filters=['atempo=1.150'] cur=0.0s

============================================================
PREVIEW ffmpeg done  [18:10:11.896]
rc=0

============================================================
PREVIEW sd.play  [18:10:11.896]
1ch 44100Hz 194730 frames

============================================================
PREVIEW sd.wait done  [18:10:16.415]

============================================================
PREVIEW ffmpeg start  [18:10:18.335]
filters=['atempo=1.250'] cur=0.0s

============================================================
PREVIEW ffmpeg done  [18:10:18.414]
rc=0

============================================================
PREVIEW sd.play  [18:10:18.430]
1ch 44100Hz 179252 frames

============================================================
PREVIEW sd.wait done  [18:10:22.591]

============================================================
PREVIEW ffmpeg start  [18:10:24.208]
filters=['atempo=1.200'] cur=0.0s

============================================================
PREVIEW ffmpeg done  [18:10:24.301]
rc=0

============================================================
PREVIEW sd.play  [18:10:24.301]
1ch 44100Hz 186685 frames

============================================================
PREVIEW sd.wait done  [18:10:28.638]

============================================================
PLAY_WORKER start  [18:10:43.844]
C:\Users\bruno\OneDrive\Desktop\iris voices\iris-crud.wav

============================================================
PLAY_WORKER ffmpeg done  [18:10:43.939]
rc=0

============================================================
PLAY_WORKER sd.play  [18:10:43.939]
1ch 44100Hz 302967 frames

============================================================
PLAY_WORKER sd.wait done  [18:10:48.646]

============================================================
PREVIEW ffmpeg start  [18:10:50.770]
filters=['atempo=1.200'] cur=0.0s

============================================================
PREVIEW ffmpeg done  [18:10:50.865]
rc=0

============================================================
PREVIEW sd.play  [18:10:50.865]
1ch 44100Hz 221054 frames

============================================================
PREVIEW sd.wait done  [18:10:55.989]

============================================================
PLAY_WORKER start  [18:11:06.853]
C:\Users\bruno\OneDrive\Desktop\iris voices\iris-g0.wav

============================================================
PLAY_WORKER ffmpeg done  [18:11:06.947]
rc=0

============================================================
PLAY_WORKER sd.play  [18:11:06.949]
1ch 44100Hz 190071 frames

============================================================
PLAY_WORKER sd.wait done  [18:11:11.382]

============================================================
PLAY_WORKER start  [18:11:25.525]
C:\Users\bruno\OneDrive\Desktop\iris voices\iris-g1.wav

============================================================
PLAY_WORKER ffmpeg done  [18:11:25.607]
rc=0

============================================================
PLAY_WORKER sd.play  [18:11:25.607]
1ch 44100Hz 239463 frames

============================================================
PLAY_WORKER sd.wait done  [18:11:31.157]

============================================================
PREVIEW ffmpeg start  [18:11:32.326]
filters=['atempo=1.200'] cur=5.4s

============================================================
PREVIEW ffmpeg done  [18:11:32.406]
rc=0

============================================================
PREVIEW sd.play  [18:11:32.419]
1ch 44100Hz 0 frames

============================================================
PREVIEW sd.wait done  [18:11:32.501]

============================================================
PREVIEW ffmpeg start  [18:11:34.209]
filters=['atempo=1.200'] cur=0.0s

============================================================
PREVIEW ffmpeg done  [18:11:34.297]
rc=0

============================================================
PREVIEW sd.play  [18:11:34.297]
1ch 44100Hz 198822 frames

============================================================
PREVIEW sd.wait done  [18:11:38.933]

============================================================
PLAY_WORKER start  [18:11:52.823]
C:\Users\bruno\OneDrive\Desktop\iris voices\iris-g3.wav

============================================================
PLAY_WORKER ffmpeg done  [18:11:52.904]
rc=0

============================================================
PLAY_WORKER sd.play  [18:11:52.904]
1ch 44100Hz 135035 frames

============================================================
PLAY_WORKER sd.wait done  [18:11:56.089]

============================================================
PREVIEW ffmpeg start  [18:12:00.458]
filters=['atempo=1.200'] cur=0.0s

============================================================
PREVIEW ffmpeg done  [18:12:00.549]
rc=0

============================================================
PREVIEW sd.play  [18:12:00.549]
1ch 44100Hz 111891 frames

============================================================
PREVIEW sd.wait done  [18:12:03.186]

============================================================
PREVIEW ffmpeg start  [18:12:05.082]
filters=['atempo=1.400'] cur=0.0s

============================================================
PREVIEW ffmpeg done  [18:12:05.167]
rc=0

============================================================
PREVIEW sd.play  [18:12:05.167]
1ch 44100Hz 95710 frames

============================================================
PREVIEW sd.wait done  [18:12:07.450]

============================================================
PLAY_WORKER start  [18:12:19.583]
C:\Users\bruno\OneDrive\Desktop\iris voices\iris-cubo-3d.wav

============================================================
PLAY_WORKER ffmpeg done  [18:12:19.662]
rc=0

============================================================
PLAY_WORKER sd.play  [18:12:19.662]
1ch 44100Hz 306731 frames

============================================================
PLAY_WORKER sd.wait done  [18:12:26.765]

============================================================
PREVIEW ffmpeg start  [18:12:31.639]
filters=['atempo=1.400'] cur=0.0s

============================================================
PREVIEW ffmpeg done  [18:12:31.734]
rc=0

============================================================
PREVIEW sd.play  [18:12:31.750]
1ch 44100Hz 189397 frames

============================================================
PREVIEW sd.wait done  [18:12:36.139]

============================================================
PREVIEW ffmpeg start  [18:12:37.183]
filters=['atempo=1.250'] cur=0.0s

============================================================
PREVIEW ffmpeg done  [18:12:37.278]
rc=0

============================================================
PREVIEW sd.play  [18:12:37.278]
1ch 44100Hz 212278 frames

============================================================
PREVIEW sd.wait done  [18:12:42.180]

============================================================
PLAY_WORKER start  [18:12:50.189]
C:\Users\bruno\OneDrive\Desktop\iris voices\iris-dashboard.wav

============================================================
PLAY_WORKER ffmpeg done  [18:12:50.277]
rc=0

============================================================
PLAY_WORKER sd.play  [18:12:50.284]
1ch 44100Hz 360356 frames

============================================================
PLAY_WORKER sd.wait done  [18:12:58.594]

============================================================
PREVIEW ffmpeg start  [18:13:01.847]
filters=['atempo=1.250'] cur=8.2s

============================================================
PREVIEW ffmpeg done  [18:13:01.926]
rc=0

============================================================
PREVIEW sd.play  [18:13:01.926]
1ch 44100Hz 0 frames

============================================================
PREVIEW sd.wait done  [18:13:02.021]

============================================================
PREVIEW ffmpeg start  [18:13:04.407]
filters=['atempo=1.250'] cur=0.0s

============================================================
PREVIEW ffmpeg done  [18:13:04.501]
rc=0

============================================================
PREVIEW sd.play  [18:13:04.517]
1ch 44100Hz 211796 frames

============================================================
PREVIEW sd.wait done  [18:13:09.421]

============================================================
PLAY_WORKER start  [18:13:26.398]
C:\Users\bruno\OneDrive\Desktop\iris voices\iris-multimedia.wav

============================================================
PLAY_WORKER ffmpeg done  [18:13:26.487]
rc=0

============================================================
PLAY_WORKER sd.play  [18:13:26.487]
1ch 44100Hz 354241 frames

============================================================
PLAY_WORKER sd.wait done  [18:13:34.670]

============================================================
PREVIEW ffmpeg start  [18:13:36.491]
filters=['atempo=1.250'] cur=8.0s

============================================================
PREVIEW ffmpeg done  [18:13:36.571]
rc=0

============================================================
PREVIEW sd.play  [18:13:36.571]
1ch 44100Hz 0 frames

============================================================
PREVIEW sd.wait done  [18:13:36.668]

============================================================
PREVIEW ffmpeg start  [18:13:41.183]
filters=['atempo=1.250'] cur=0.0s

============================================================
PREVIEW ffmpeg done  [18:13:41.278]
rc=0

============================================================
PREVIEW sd.play  [18:13:41.278]
1ch 44100Hz 211688 frames

============================================================
PREVIEW sd.wait done  [18:13:46.189]

============================================================
PREVIEW ffmpeg start  [18:13:49.961]
filters=['atempo=1.300'] cur=0.0s

============================================================
PREVIEW ffmpeg done  [18:13:50.056]
rc=0

============================================================
PREVIEW sd.play  [18:13:50.056]
1ch 44100Hz 203671 frames

============================================================
PREVIEW sd.wait done  [18:13:54.789]

============================================================
PLAY_WORKER start  [18:14:25.521]
C:\Users\bruno\OneDrive\Desktop\iris voices\iris-services.wav

============================================================
PLAY_WORKER ffmpeg done  [18:14:25.616]
rc=0

============================================================
PLAY_WORKER sd.play  [18:14:25.616]
1ch 44100Hz 325547 frames

============================================================
PLAY_WORKER sd.wait done  [18:14:33.090]

============================================================
PREVIEW ffmpeg start  [18:14:38.593]
filters=['atempo=1.250'] cur=0.0s

============================================================
PREVIEW ffmpeg done  [18:14:38.689]
rc=0

============================================================
PREVIEW sd.play  [18:14:38.704]
1ch 44100Hz 211771 frames

============================================================
PREVIEW sd.wait done  [18:14:43.611]

============================================================
PLAY_WORKER start  [18:15:24.959]
C:\Users\bruno\OneDrive\Desktop\iris voices\iris-storia.wav

============================================================
PLAY_WORKER ffmpeg done  [18:15:25.048]
rc=0

============================================================
PLAY_WORKER sd.play  [18:15:25.055]
1ch 44100Hz 392814 frames

============================================================
PLAY_WORKER sd.wait done  [18:15:34.066]

============================================================
PREVIEW ffmpeg start  [18:15:40.927]
filters=['atempo=1.250'] cur=0.0s

============================================================
PREVIEW ffmpeg done  [18:15:41.023]
rc=0

============================================================
PREVIEW sd.play  [18:15:41.029]
1ch 44100Hz 212127 frames

============================================================
PREVIEW sd.wait done  [18:15:45.942]

============================================================
PREVIEW ffmpeg start  [18:15:51.714]
filters=['atempo=1.300'] cur=0.0s

============================================================
PREVIEW ffmpeg done  [18:15:51.809]
rc=0

============================================================
PREVIEW sd.play  [18:15:51.809]
1ch 44100Hz 203689 frames

============================================================
PREVIEW sd.wait done  [18:15:56.543]

============================================================
PLAY_WORKER start  [18:16:16.237]
C:\Users\bruno\OneDrive\Desktop\iris voices\iris-g5.wav

============================================================
PLAY_WORKER ffmpeg done  [18:16:16.331]
rc=0

============================================================
PLAY_WORKER sd.play  [18:16:16.337]
1ch 44100Hz 161377 frames

============================================================
PLAY_WORKER sd.wait done  [18:16:20.096]

============================================================
PLAY_WORKER start  [18:16:48.140]
C:\Users\bruno\OneDrive\Desktop\iris voices\iris-text-sampler.wav

============================================================
PLAY_WORKER ffmpeg done  [18:16:48.234]
rc=0

============================================================
PLAY_WORKER sd.play  [18:16:48.234]
1ch 44100Hz 198539 frames

============================================================
PLAY_WORKER sd.wait done  [18:16:52.856]

============================================================
PLAY_WORKER start  [18:17:00.678]
C:\Users\bruno\OneDrive\Desktop\iris voices\iris-image-checker.wav

============================================================
PLAY_WORKER ffmpeg done  [18:17:00.768]
rc=0

============================================================
PLAY_WORKER sd.play  [18:17:00.778]
1ch 44100Hz 210769 frames

============================================================
PLAY_WORKER sd.wait done  [18:17:05.655]

============================================================
PLAY_WORKER start  [18:17:18.880]
C:\Users\bruno\OneDrive\Desktop\iris voices\iris-sitiweb.wav

============================================================
PLAY_WORKER ffmpeg done  [18:17:18.965]
rc=0

============================================================
PLAY_WORKER sd.play  [18:17:18.965]
1ch 44100Hz 341540 frames

============================================================
PLAY_WORKER sd.wait done  [18:17:26.838]

============================================================
PREVIEW ffmpeg start  [18:17:28.577]
filters=['atempo=1.300'] cur=0.0s

============================================================
PREVIEW ffmpeg done  [18:17:28.671]
rc=0

============================================================
PREVIEW sd.play  [18:17:28.671]
1ch 44100Hz 203658 frames

============================================================
PREVIEW sd.wait done  [18:17:33.405]

============================================================
PREVIEW ffmpeg start  [18:17:34.925]
filters=['atempo=1.200'] cur=0.0s

============================================================
PREVIEW ffmpeg done  [18:17:35.033]
rc=0

============================================================
PREVIEW sd.play  [18:17:35.036]
1ch 44100Hz 220602 frames

============================================================
PREVIEW sd.wait done  [18:17:40.151]
